# JRE version: OpenJDK Runtime Environment Temurin-21.0.11+10 (21.0.11+10) (build 21.0.11+10-LTS)
# Java VM: OpenJDK 64-Bit Server VM Temurin-21.0.11+10 (21.0.11+10-LTS, mixed mode, sharing, tiered, compressed oops, compressed class ptrs, parallel gc, linux-amd64)
GC Precious Log:
 CardTable entry size: 512
 CPUs: 12 total, 12 available
 Memory: 15912M
 Large Page Support: Disabled
 NUMA Support: Disabled
 Compressed Oops: Enabled (32-bit)
 Alignments: Space 512K, Generation 512K, Heap 2M
 Heap Min Capacity: 100M
 Heap Initial Capacity: 100M
 Heap Max Capacity: 2G
 Pre-touch: Disabled
 Parallel Workers: 10
Heap:
 PSYoungGen      total 3584K, used 3200K [0x00000000d5580000, 0x00000000d5b80000, 0x0000000100000000)
  eden space 3072K, 100% used [0x00000000d5580000,0x00000000d5880000,0x00000000d5880000)
  from space 512K, 25% used [0x00000000d5b00000,0x00000000d5b20000,0x00000000d5b80000)
  to   space 512K, 0% used [0x00000000d5a80000,0x00000000d5a80000,0x00000000d5b00000)
 ParOldGen       total 1394176K, used 1393922K [0x0000000080000000, 0x00000000d5180000, 0x00000000d5580000)
  object space 1394176K, 99% used [0x0000000080000000,0x00000000d5140aa8,0x00000000d5180000)
 Metaspace       used 98674K, committed 100416K, reserved 1179648K
  class space    used 9851K, committed 10688K, reserved 1048576K
GC Heap History (20 events):
Event: 5088,570 GC heap after
{Heap after GC invocations=8025 (full 7):
 PSYoungGen      total 6656K, used 656K [0x00000000d5580000, 0x00000000d6080000, 0x0000000100000000)
  eden space 5632K, 0% used [0x00000000d5580000,0x00000000d5580000,0x00000000d5b00000)
  from space 1024K, 64% used [0x00000000d5b00000,0x00000000d5ba42e8,0x00000000d5c00000)
  to   space 2048K, 0% used [0x00000000d5e80000,0x00000000d5e80000,0x00000000d6080000)
 ParOldGen       total 1384960K, used 1384937K [0x0000000080000000, 0x00000000d4880000, 0x00000000d5580000)
  object space 1384960K, 99% used [0x0000000080000000,0x00000000d487a730,0x00000000d4880000)
 Metaspace       used 98553K, committed 100288K, reserved 1179648K
  class space    used 9825K, committed 10688K, reserved 1048576K
}
Event: 5091,549 GC heap before
{Heap before GC invocations=8026 (full 7):
 PSYoungGen      total 6656K, used 6288K [0x00000000d5580000, 0x00000000d6080000, 0x0000000100000000)
  eden space 5632K, 100% used [0x00000000d5580000,0x00000000d5b00000,0x00000000d5b00000)
  from space 1024K, 64% used [0x00000000d5b00000,0x00000000d5ba42e8,0x00000000d5c00000)
  to   space 2048K, 0% used [0x00000000d5e80000,0x00000000d5e80000,0x00000000d6080000)
 ParOldGen       total 1384960K, used 1384937K [0x0000000080000000, 0x00000000d4880000, 0x00000000d5580000)
  object space 1384960K, 99% used [0x0000000080000000,0x00000000d487a730,0x00000000d4880000)
 Metaspace       used 98553K, committed 100288K, reserved 1179648K
  class space    used 9825K, committed 10688K, reserved 1048576K
}
Event: 5091,559 GC heap after
{Heap after GC invocations=8026 (full 7):
 PSYoungGen      total 5632K, used 2046K [0x00000000d5580000, 0x00000000d6780000, 0x0000000100000000)
  eden space 3584K, 0% used [0x00000000d5580000,0x00000000d5580000,0x00000000d5900000)
  from space 2048K, 99% used [0x00000000d5e80000,0x00000000d607fa90,0x00000000d6080000)
  to   space 5632K, 0% used [0x00000000d5900000,0x00000000d5900000,0x00000000d5e80000)
 ParOldGen       total 1388032K, used 1387695K [0x0000000080000000, 0x00000000d4b80000, 0x00000000d5580000)
  object space 1388032K, 99% used [0x0000000080000000,0x00000000d4b2bf78,0x00000000d4b80000)
 Metaspace       used 98553K, committed 100288K, reserved 1179648K
  class space    used 9825K, committed 10688K, reserved 1048576K
}
Event: 5091,586 GC heap before
{Heap before GC invocations=8027 (full 7):
 PSYoungGen      total 5632K, used 5536K [0x00000000d5580000, 0x00000000d6780000, 0x0000000100000000)
  eden space 3584K, 97% used [0x00000000d5580000,0x00000000d58e8908,0x00000000d5900000)
  from space 2048K, 99% used [0x00000000d5e80000,0x00000000d607fa90,0x00000000d6080000)
  to   space 5632K, 0% used [0x00000000d5900000,0x00000000d5900000,0x00000000d5e80000)
 ParOldGen       total 1388032K, used 1387695K [0x0000000080000000, 0x00000000d4b80000, 0x00000000d5580000)
  object space 1388032K, 99% used [0x0000000080000000,0x00000000d4b2bf78,0x00000000d4b80000)
 Metaspace       used 98553K, committed 100288K, reserved 1179648K
  class space    used 9825K, committed 10688K, reserved 1048576K
}
Event: 5091,588 GC heap after
{Heap after GC invocations=8027 (full 7):
 PSYoungGen      total 4096K, used 64K [0x00000000d5580000, 0x00000000d5f00000, 0x0000000100000000)
  eden space 3584K, 0% used [0x00000000d5580000,0x00000000d5580000,0x00000000d5900000)
  from space 512K, 12% used [0x00000000d5900000,0x00000000d5910000,0x00000000d5980000)
  to   space 2048K, 0% used [0x00000000d5d00000,0x00000000d5d00000,0x00000000d5f00000)
 ParOldGen       total 1389056K, used 1388565K [0x0000000080000000, 0x00000000d4c80000, 0x00000000d5580000)
  object space 1389056K, 99% used [0x0000000080000000,0x00000000d4c05498,0x00000000d4c80000)
 Metaspace       used 98553K, committed 100288K, reserved 1179648K
  class space    used 9825K, committed 10688K, reserved 1048576K
}
Event: 5091,593 GC heap before
{Heap before GC invocations=8028 (full 7):
 PSYoungGen      total 4096K, used 3591K [0x00000000d5580000, 0x00000000d5f00000, 0x0000000100000000)
  eden space 3584K, 98% used [0x00000000d5580000,0x00000000d58f1fd0,0x00000000d5900000)
  from space 512K, 12% used [0x00000000d5900000,0x00000000d5910000,0x00000000d5980000)
  to   space 2048K, 0% used [0x00000000d5d00000,0x00000000d5d00000,0x00000000d5f00000)
 ParOldGen       total 1389056K, used 1388565K [0x0000000080000000, 0x00000000d4c80000, 0x00000000d5580000)
  object space 1389056K, 99% used [0x0000000080000000,0x00000000d4c05498,0x00000000d4c80000)
 Metaspace       used 98553K, committed 100288K, reserved 1179648K
  class space    used 9825K, committed 10688K, reserved 1048576K
}
Event: 5091,596 GC heap after
{Heap after GC invocations=8028 (full 7):
 PSYoungGen      total 5120K, used 2024K [0x00000000d5580000, 0x00000000d6300000, 0x0000000100000000)
  eden space 3072K, 0% used [0x00000000d5580000,0x00000000d5580000,0x00000000d5880000)
  from space 2048K, 98% used [0x00000000d5d00000,0x00000000d5efa368,0x00000000d5f00000)
  to   space 4608K, 0% used [0x00000000d5880000,0x00000000d5880000,0x00000000d5d00000)
 ParOldGen       total 1390592K, used 1390149K [0x0000000080000000, 0x00000000d4e00000, 0x00000000d5580000)
  object space 1390592K, 99% used [0x0000000080000000,0x00000000d4d91498,0x00000000d4e00000)
 Metaspace       used 98553K, committed 100288K, reserved 1179648K
  class space    used 9825K, committed 10688K, reserved 1048576K
}
Event: 5092,389 GC heap before
{Heap before GC invocations=8029 (full 7):
 PSYoungGen      total 5120K, used 5096K [0x00000000d5580000, 0x00000000d6300000, 0x0000000100000000)
  eden space 3072K, 100% used [0x00000000d5580000,0x00000000d5880000,0x00000000d5880000)
  from space 2048K, 98% used [0x00000000d5d00000,0x00000000d5efa368,0x00000000d5f00000)
  to   space 4608K, 0% used [0x00000000d5880000,0x00000000d5880000,0x00000000d5d00000)
 ParOldGen       total 1390592K, used 1390149K [0x0000000080000000, 0x00000000d4e00000, 0x00000000d5580000)
  object space 1390592K, 99% used [0x0000000080000000,0x00000000d4d91498,0x00000000d4e00000)
 Metaspace       used 98566K, committed 100352K, reserved 1179648K
  class space    used 9825K, committed 10688K, reserved 1048576K
}
Event: 5092,395 GC heap after
{Heap after GC invocations=8029 (full 7):
 PSYoungGen      total 4096K, used 976K [0x00000000d5580000, 0x00000000d5d80000, 0x0000000100000000)
  eden space 3072K, 0% used [0x00000000d5580000,0x00000000d5580000,0x00000000d5880000)
  from space 1024K, 95% used [0x00000000d5880000,0x00000000d5974000,0x00000000d5980000)
  to   space 2048K, 0% used [0x00000000d5b80000,0x00000000d5b80000,0x00000000d5d80000)
 ParOldGen       total 1392128K, used 1391896K [0x0000000080000000, 0x00000000d4f80000, 0x00000000d5580000)
  object space 1392128K, 99% used [0x0000000080000000,0x00000000d4f46188,0x00000000d4f80000)
 Metaspace       used 98566K, committed 100352K, reserved 1179648K
  class space    used 9825K, committed 10688K, reserved 1048576K
}
Event: 5111,915 GC heap before
{Heap before GC invocations=8030 (full 7):
 PSYoungGen      total 4096K, used 4047K [0x00000000d5580000, 0x00000000d5d80000, 0x0000000100000000)
  eden space 3072K, 99% used [0x00000000d5580000,0x00000000d587ffe0,0x00000000d5880000)
  from space 1024K, 95% used [0x00000000d5880000,0x00000000d5974000,0x00000000d5980000)
  to   space 2048K, 0% used [0x00000000d5b80000,0x00000000d5b80000,0x00000000d5d80000)
 ParOldGen       total 1392128K, used 1391896K [0x0000000080000000, 0x00000000d4f80000, 0x00000000d5580000)
  object space 1392128K, 99% used [0x0000000080000000,0x00000000d4f46188,0x00000000d4f80000)
 Metaspace       used 98566K, committed 100352K, reserved 1179648K
  class space    used 9825K, committed 10688K, reserved 1048576K
}
Event: 5111,918 GC heap after
{Heap after GC invocations=8030 (full 7):
 PSYoungGen      total 3584K, used 288K [0x00000000d5580000, 0x00000000d5c00000, 0x0000000100000000)
  eden space 3072K, 0% used [0x00000000d5580000,0x00000000d5580000,0x00000000d5880000)
  from space 512K, 56% used [0x00000000d5b80000,0x00000000d5bc8000,0x00000000d5c00000)
  to   space 1024K, 0% used [0x00000000d5a00000,0x00000000d5a00000,0x00000000d5b00000)
 ParOldGen       total 1393152K, used 1392718K [0x0000000080000000, 0x00000000d5080000, 0x00000000d5580000)
  object space 1393152K, 99% used [0x0000000080000000,0x00000000d5013bc8,0x00000000d5080000)
 Metaspace       used 98566K, committed 100352K, reserved 1179648K
  class space    used 9825K, committed 10688K, reserved 1048576K
}
Event: 5111,928 GC heap before
{Heap before GC invocations=8031 (full 7):
 PSYoungGen      total 3584K, used 3360K [0x00000000d5580000, 0x00000000d5c00000, 0x0000000100000000)
  eden space 3072K, 100% used [0x00000000d5580000,0x00000000d5880000,0x00000000d5880000)
  from space 512K, 56% used [0x00000000d5b80000,0x00000000d5bc8000,0x00000000d5c00000)
  to   space 1024K, 0% used [0x00000000d5a00000,0x00000000d5a00000,0x00000000d5b00000)
 ParOldGen       total 1393152K, used 1392718K [0x0000000080000000, 0x00000000d5080000, 0x00000000d5580000)
  object space 1393152K, 99% used [0x0000000080000000,0x00000000d5013bc8,0x00000000d5080000)
 Metaspace       used 98566K, committed 100352K, reserved 1179648K
  class space    used 9825K, committed 10688K, reserved 1048576K
}
Event: 5111,930 GC heap after
{Heap after GC invocations=8031 (full 7):
 PSYoungGen      total 4096K, used 1008K [0x00000000d5580000, 0x00000000d5c00000, 0x0000000100000000)
  eden space 3072K, 0% used [0x00000000d5580000,0x00000000d5580000,0x00000000d5880000)
  from space 1024K, 98% used [0x00000000d5a00000,0x00000000d5afc010,0x00000000d5b00000)
  to   space 1024K, 0% used [0x00000000d5b00000,0x00000000d5b00000,0x00000000d5c00000)
 ParOldGen       total 1393152K, used 1392813K [0x0000000080000000, 0x00000000d5080000, 0x00000000d5580000)
  object space 1393152K, 99% used [0x0000000080000000,0x00000000d502b608,0x00000000d5080000)
 Metaspace       used 98566K, committed 100352K, reserved 1179648K
  class space    used 9825K, committed 10688K, reserved 1048576K
}
Event: 5112,308 GC heap before
{Heap before GC invocations=8032 (full 7):
 PSYoungGen      total 4096K, used 4080K [0x00000000d5580000, 0x00000000d5c00000, 0x0000000100000000)
  eden space 3072K, 100% used [0x00000000d5580000,0x00000000d5880000,0x00000000d5880000)
  from space 1024K, 98% used [0x00000000d5a00000,0x00000000d5afc010,0x00000000d5b00000)
  to   space 1024K, 0% used [0x00000000d5b00000,0x00000000d5b00000,0x00000000d5c00000)
 ParOldGen       total 1393152K, used 1392813K [0x0000000080000000, 0x00000000d5080000, 0x00000000d5580000)
  object space 1393152K, 99% used [0x0000000080000000,0x00000000d502b608,0x00000000d5080000)
 Metaspace       used 98566K, committed 100352K, reserved 1179648K
  class space    used 9825K, committed 10688K, reserved 1048576K
}
Event: 5112,315 GC heap after
{Heap after GC invocations=8032 (full 7):
 PSYoungGen      total 3584K, used 512K [0x00000000d5580000, 0x00000000d5b80000, 0x0000000100000000)
  eden space 3072K, 0% used [0x00000000d5580000,0x00000000d5580000,0x00000000d5880000)
  from space 512K, 100% used [0x00000000d5b00000,0x00000000d5b80000,0x00000000d5b80000)
  to   space 1024K, 0% used [0x00000000d5980000,0x00000000d5980000,0x00000000d5a80000)
 ParOldGen       total 1394176K, used 1393770K [0x0000000080000000, 0x00000000d5180000, 0x00000000d5580000)
  object space 1394176K, 99% used [0x0000000080000000,0x00000000d511aaa8,0x00000000d5180000)
 Metaspace       used 98566K, committed 100352K, reserved 1179648K
  class space    used 9825K, committed 10688K, reserved 1048576K
}
Event: 5112,366 GC heap before
{Heap before GC invocations=8033 (full 7):
 PSYoungGen      total 3584K, used 3584K [0x00000000d5580000, 0x00000000d5b80000, 0x0000000100000000)
  eden space 3072K, 100% used [0x00000000d5580000,0x00000000d5880000,0x00000000d5880000)
  from space 512K, 100% used [0x00000000d5b00000,0x00000000d5b80000,0x00000000d5b80000)
  to   space 1024K, 0% used [0x00000000d5980000,0x00000000d5980000,0x00000000d5a80000)
 ParOldGen       total 1394176K, used 1393770K [0x0000000080000000, 0x00000000d5180000, 0x00000000d5580000)
  object space 1394176K, 99% used [0x0000000080000000,0x00000000d511aaa8,0x00000000d5180000)
 Metaspace       used 98566K, committed 100352K, reserved 1179648K
  class space    used 9825K, committed 10688K, reserved 1048576K
}
Event: 5112,369 GC heap after
{Heap after GC invocations=8033 (full 7):
 PSYoungGen      total 4096K, used 288K [0x00000000d5580000, 0x00000000d5b80000, 0x0000000100000000)
  eden space 3072K, 0% used [0x00000000d5580000,0x00000000d5580000,0x00000000d5880000)
  from space 1024K, 28% used [0x00000000d5980000,0x00000000d59c8000,0x00000000d5a80000)
  to   space 512K, 0% used [0x00000000d5b00000,0x00000000d5b00000,0x00000000d5b80000)
 ParOldGen       total 1394176K, used 1393890K [0x0000000080000000, 0x00000000d5180000, 0x00000000d5580000)
  object space 1394176K, 99% used [0x0000000080000000,0x00000000d5138aa8,0x00000000d5180000)
 Metaspace       used 98566K, committed 100352K, reserved 1179648K
  class space    used 9825K, committed 10688K, reserved 1048576K
}
Event: 5114,128 GC heap before
{Heap before GC invocations=8034 (full 7):
 PSYoungGen      total 4096K, used 3355K [0x00000000d5580000, 0x00000000d5b80000, 0x0000000100000000)
  eden space 3072K, 99% used [0x00000000d5580000,0x00000000d587eec0,0x00000000d5880000)
  from space 1024K, 28% used [0x00000000d5980000,0x00000000d59c8000,0x00000000d5a80000)
  to   space 512K, 0% used [0x00000000d5b00000,0x00000000d5b00000,0x00000000d5b80000)
 ParOldGen       total 1394176K, used 1393890K [0x0000000080000000, 0x00000000d5180000, 0x00000000d5580000)
  object space 1394176K, 99% used [0x0000000080000000,0x00000000d5138aa8,0x00000000d5180000)
 Metaspace       used 98566K, committed 100352K, reserved 1179648K
  class space    used 9825K, committed 10688K, reserved 1048576K
}
Event: 5114,133 GC heap after
{Heap after GC invocations=8034 (full 7):
 PSYoungGen      total 3584K, used 128K [0x00000000d5580000, 0x00000000d5b80000, 0x0000000100000000)
  eden space 3072K, 0% used [0x00000000d5580000,0x00000000d5580000,0x00000000d5880000)
  from space 512K, 25% used [0x00000000d5b00000,0x00000000d5b20000,0x00000000d5b80000)
  to   space 512K, 0% used [0x00000000d5a80000,0x00000000d5a80000,0x00000000d5b00000)
 ParOldGen       total 1394176K, used 1393922K [0x0000000080000000, 0x00000000d5180000, 0x00000000d5580000)
  object space 1394176K, 99% used [0x0000000080000000,0x00000000d5140aa8,0x00000000d5180000)
 Metaspace       used 98566K, committed 100352K, reserved 1179648K
  class space    used 9825K, committed 10688K, reserved 1048576K
}
Event: 5166,662 GC heap before
{Heap before GC invocations=8035 (full 7):
 PSYoungGen      total 3584K, used 3200K [0x00000000d5580000, 0x00000000d5b80000, 0x0000000100000000)
  eden space 3072K, 100% used [0x00000000d5580000,0x00000000d5880000,0x00000000d5880000)
  from space 512K, 25% used [0x00000000d5b00000,0x00000000d5b20000,0x00000000d5b80000)
  to   space 512K, 0% used [0x00000000d5a80000,0x00000000d5a80000,0x00000000d5b00000)
 ParOldGen       total 1394176K, used 1393922K [0x0000000080000000, 0x00000000d5180000, 0x00000000d5580000)
  object space 1394176K, 99% used [0x0000000080000000,0x00000000d5140aa8,0x00000000d5180000)
 Metaspace       used 98674K, committed 100416K, reserved 1179648K
  class space    used 9851K, committed 10688K, reserved 1048576K
}

